<?xml version="1.0" encoding="UTF-8"?>
<testng-results ignored="4" total="7" passed="2" failed="1" skipped="0">
  <reporter-output>
  </reporter-output>
  <suite started-at="2025-04-24T13:38:35 GMT-04:00" name="API Suite" finished-at="2025-04-24T13:38:36 GMT-04:00" duration-ms="1929">
    <groups>
    </groups>
    <test started-at="2025-04-24T13:38:35 GMT-04:00" name="Test" finished-at="2025-04-24T13:38:36 GMT-04:00" duration-ms="1929">
      <class name="com.bookstore.apitesting.testcases.GetBookByID">
        <test-method signature="testGetBookByID()[pri:0, instance:com.bookstore.apitesting.testcases.GetBookByID@49139829]" started-at="2025-04-24T13:38:36 GMT-04:00" name="testGetBookByID" finished-at="2025-04-24T13:38:36 GMT-04:00" duration-ms="388" status="FAIL">
          <exception class="java.lang.AssertionError">
            <message>
              <![CDATA[Field validation failed! expected [9781449365035] but found [[9781449325862, 9781449331818, 9781449337711, 9781449365035, 9781491904244, 9781491950296, 9781593275846, 9781593277574]]]]>
            </message>
            <full-stacktrace>
              <![CDATA[java.lang.AssertionError: Field validation failed! expected [9781449365035] but found [[9781449325862, 9781449331818, 9781449337711, 9781449365035, 9781491904244, 9781491950296, 9781593275846, 9781593277574]]
at org.testng.Assert.fail(Assert.java:99)
at org.testng.Assert.failNotEquals(Assert.java:1037)
at org.testng.Assert.assertEqualsImpl(Assert.java:140)
at org.testng.Assert.assertEquals(Assert.java:122)
at org.testng.Assert.assertEquals(Assert.java:629)
at com.bookstore.apitesting.utils.ResponseValidator.validateField(ResponseValidator.java:16)
at com.bookstore.apitesting.testcases.GetBookByID.testGetBookByID(GetBookByID.java:47)
at java.base/jdk.internal.reflect.DirectMethodHandleAccessor.invoke(DirectMethodHandleAccessor.java:103)
at java.base/java.lang.reflect.Method.invoke(Method.java:580)
at org.testng.internal.MethodInvocationHelper.invokeMethod(MethodInvocationHelper.java:133)
at org.testng.internal.TestInvoker.invokeMethod(TestInvoker.java:598)
at org.testng.internal.TestInvoker.invokeTestMethod(TestInvoker.java:173)
at org.testng.internal.MethodRunner.runInSequence(MethodRunner.java:46)
at org.testng.internal.TestInvoker$MethodInvocationAgent.invoke(TestInvoker.java:824)
at org.testng.internal.TestInvoker.invokeTestMethods(TestInvoker.java:146)
at org.testng.internal.TestMethodWorker.invokeTestMethods(TestMethodWorker.java:146)
at org.testng.internal.TestMethodWorker.run(TestMethodWorker.java:128)
at java.base/java.util.ArrayList.forEach(ArrayList.java:1597)
at org.testng.TestRunner.privateRun(TestRunner.java:794)
at org.testng.TestRunner.run(TestRunner.java:596)
at org.testng.SuiteRunner.runTest(SuiteRunner.java:377)
at org.testng.SuiteRunner.runSequentially(SuiteRunner.java:371)
at org.testng.SuiteRunner.privateRun(SuiteRunner.java:332)
at org.testng.SuiteRunner.run(SuiteRunner.java:276)
at org.testng.SuiteRunnerWorker.runSuite(SuiteRunnerWorker.java:53)
at org.testng.SuiteRunnerWorker.run(SuiteRunnerWorker.java:96)
at org.testng.TestNG.runSuitesSequentially(TestNG.java:1212)
at org.testng.TestNG.runSuitesLocally(TestNG.java:1134)
at org.testng.TestNG.runSuites(TestNG.java:1063)
at org.testng.TestNG.run(TestNG.java:1031)
at org.testng.remote.AbstractRemoteTestNG.run(AbstractRemoteTestNG.java:115)
at org.testng.remote.RemoteTestNG.initAndRun(RemoteTestNG.java:293)
at org.testng.remote.RemoteTestNG.main(RemoteTestNG.java:91)
]]>
            </full-stacktrace>
          </exception> <!-- java.lang.AssertionError -->
          <reporter-output>
          </reporter-output>
        </test-method> <!-- testGetBookByID -->
        <test-method is-config="true" signature="setupTest(java.lang.reflect.Method)[pri:0, instance:com.bookstore.apitesting.testcases.GetBookByID@49139829]" started-at="2025-04-24T13:38:36 GMT-04:00" name="setupTest" finished-at="2025-04-24T13:38:36 GMT-04:00" duration-ms="0" status="PASS">
          <params>
            <param index="0">
              <value>
                <![CDATA[public void com.bookstore.apitesting.testcases.GetBookByID.testGetBookByID() throws java.io.IOException]]>
              </value>
            </param>
          </params>
          <reporter-output>
          </reporter-output>
        </test-method> <!-- setupTest -->
        <test-method is-config="true" signature="teardownTest(org.testng.ITestResult)[pri:0, instance:com.bookstore.apitesting.testcases.GetBookByID@49139829]" started-at="2025-04-24T13:38:36 GMT-04:00" name="teardownTest" finished-at="2025-04-24T13:38:36 GMT-04:00" duration-ms="1" status="PASS">
          <params>
            <param index="0">
              <value>
                <![CDATA[[TestResult name=testGetBookByID status=FAILURE method=GetBookByID.testGetBookByID()[pri:0, instance:com.bookstore.apitesting.testcases.GetBookByID@49139829] output={null}]]]>
              </value>
            </param>
          </params>
          <reporter-output>
          </reporter-output>
        </test-method> <!-- teardownTest -->
      </class> <!-- com.bookstore.apitesting.testcases.GetBookByID -->
      <class name="com.bookstore.apitesting.testcases.GetAllBooks">
        <test-method signature="testGetBooks()[pri:0, instance:com.bookstore.apitesting.testcases.GetAllBooks@223191a6]" started-at="2025-04-24T13:38:36 GMT-04:00" name="testGetBooks" finished-at="2025-04-24T13:38:36 GMT-04:00" duration-ms="475" status="PASS">
          <reporter-output>
          </reporter-output>
        </test-method> <!-- testGetBooks -->
        <test-method is-config="true" signature="setupTest(java.lang.reflect.Method)[pri:0, instance:com.bookstore.apitesting.testcases.GetAllBooks@223191a6]" started-at="2025-04-24T13:38:36 GMT-04:00" name="setupTest" finished-at="2025-04-24T13:38:36 GMT-04:00" duration-ms="0" status="PASS">
          <params>
            <param index="0">
              <value>
                <![CDATA[public void com.bookstore.apitesting.testcases.GetAllBooks.testGetBooks()]]>
              </value>
            </param>
          </params>
          <reporter-output>
          </reporter-output>
        </test-method> <!-- setupTest -->
        <test-method is-config="true" signature="teardownTest(org.testng.ITestResult)[pri:0, instance:com.bookstore.apitesting.testcases.GetAllBooks@223191a6]" started-at="2025-04-24T13:38:36 GMT-04:00" name="teardownTest" finished-at="2025-04-24T13:38:36 GMT-04:00" duration-ms="0" status="PASS">
          <params>
            <param index="0">
              <value>
                <![CDATA[[TestResult name=testGetBooks status=SUCCESS method=GetAllBooks.testGetBooks()[pri:0, instance:com.bookstore.apitesting.testcases.GetAllBooks@223191a6] output={null}]]]>
              </value>
            </param>
          </params>
          <reporter-output>
          </reporter-output>
        </test-method> <!-- teardownTest -->
      </class> <!-- com.bookstore.apitesting.testcases.GetAllBooks -->
      <class name="com.bookstore.apitesting.testcases.UserRegistration">
        <test-method is-config="true" signature="setupSuite()[pri:0, instance:com.bookstore.apitesting.testcases.UserRegistration@57a3af25]" started-at="2025-04-24T13:38:29 GMT-04:00" name="setupSuite" finished-at="2025-04-24T13:38:35 GMT-04:00" duration-ms="5397" status="PASS">
          <reporter-output>
          </reporter-output>
        </test-method> <!-- setupSuite -->
        <test-method is-config="true" signature="setupTest(java.lang.reflect.Method)[pri:0, instance:com.bookstore.apitesting.testcases.UserRegistration@57a3af25]" started-at="2025-04-24T13:38:35 GMT-04:00" name="setupTest" finished-at="2025-04-24T13:38:35 GMT-04:00" duration-ms="10" status="PASS">
          <params>
            <param index="0">
              <value>
                <![CDATA[public void com.bookstore.apitesting.testcases.UserRegistration.testUserRegistration() throws java.io.IOException]]>
              </value>
            </param>
          </params>
          <reporter-output>
          </reporter-output>
        </test-method> <!-- setupTest -->
        <test-method signature="testUserRegistration()[pri:0, instance:com.bookstore.apitesting.testcases.UserRegistration@57a3af25]" started-at="2025-04-24T13:38:35 GMT-04:00" name="testUserRegistration" finished-at="2025-04-24T13:38:36 GMT-04:00" duration-ms="986" status="PASS">
          <reporter-output>
          </reporter-output>
        </test-method> <!-- testUserRegistration -->
        <test-method is-config="true" signature="teardownTest(org.testng.ITestResult)[pri:0, instance:com.bookstore.apitesting.testcases.UserRegistration@57a3af25]" started-at="2025-04-24T13:38:36 GMT-04:00" name="teardownTest" finished-at="2025-04-24T13:38:36 GMT-04:00" duration-ms="9" status="PASS">
          <params>
            <param index="0">
              <value>
                <![CDATA[[TestResult name=testUserRegistration status=SUCCESS method=UserRegistration.testUserRegistration()[pri:0, instance:com.bookstore.apitesting.testcases.UserRegistration@57a3af25] output={null}]]]>
              </value>
            </param>
          </params>
          <reporter-output>
          </reporter-output>
        </test-method> <!-- teardownTest -->
        <test-method is-config="true" signature="tearDownSuite()[pri:0, instance:com.bookstore.apitesting.testcases.UserRegistration@57a3af25]" started-at="2025-04-24T13:38:37 GMT-04:00" name="tearDownSuite" finished-at="2025-04-24T13:38:37 GMT-04:00" duration-ms="514" status="PASS">
          <reporter-output>
          </reporter-output>
        </test-method> <!-- tearDownSuite -->
      </class> <!-- com.bookstore.apitesting.testcases.UserRegistration -->
    </test> <!-- Test -->
  </suite> <!-- API Suite -->
</testng-results>
