<?xml version="1.0" encoding="UTF-8"?>
<!-- Generated by org.testng.reporters.JUnitXMLReporter -->
<testsuite ignored="4" hostname="reyansh" failures="1" tests="3" name="Test" time="1.929" errors="0" timestamp="2025-04-24T13:38:37 GMT-04:00">
  <testcase classname="com.bookstore.apitesting.testcases.UserRegistration" name="testUserRegistration" time="0.986"/>
  <testcase classname="com.bookstore.apitesting.testcases.GetAllBooks" name="testGetBooks" time="0.475"/>
  <testcase classname="com.bookstore.apitesting.testcases.GetBookByID" name="testGetBookByID" time="0.388">
    <failure type="java.lang.AssertionError" message="Field validation failed! expected [9781449365035] but found [[9781449325862, 9781449331818, 9781449337711, 9781449365035, 9781491904244, 9781491950296, 9781593275846, 9781593277574]]">
      <![CDATA[java.lang.AssertionError: Field validation failed! expected [9781449365035] but found [[9781449325862, 9781449331818, 9781449337711, 9781449365035, 9781491904244, 9781491950296, 9781593275846, 9781593277574]]
at com.bookstore.apitesting.utils.ResponseValidator.validateField(ResponseValidator.java:16)
at com.bookstore.apitesting.testcases.GetBookByID.testGetBookByID(GetBookByID.java:47)
at java.base/java.util.ArrayList.forEach(ArrayList.java:1597)
... Removed 30 stack frames]]>
    </failure>
  </testcase> <!-- testGetBookByID -->
  <testcase classname="com.bookstore.apitesting.base.BaseTest" name="@BeforeSuite setupSuite" time="0.0">
    <ignored/>
  </testcase> <!-- @BeforeSuite setupSuite -->
  <testcase classname="com.bookstore.apitesting.base.BaseTest" name="@BeforeSuite setupSuite" time="0.0">
    <ignored/>
  </testcase> <!-- @BeforeSuite setupSuite -->
  <testcase classname="com.bookstore.apitesting.base.BaseTest" name="@AfterSuite tearDownSuite" time="0.0">
    <ignored/>
  </testcase> <!-- @AfterSuite tearDownSuite -->
  <testcase classname="com.bookstore.apitesting.base.BaseTest" name="@AfterSuite tearDownSuite" time="0.0">
    <ignored/>
  </testcase> <!-- @AfterSuite tearDownSuite -->
</testsuite> <!-- Test -->
